[debug] [2024-12-27T00:51:05.701Z] ----------------------------------------------------------------------
[debug] [2024-12-27T00:51:05.704Z] Command:       /root/.config/nvm/versions/node/v22.11.0/bin/node /root/.config/nvm/versions/node/v22.11.0/bin/firebase init
[debug] [2024-12-27T00:51:05.704Z] CLI Version:   13.29.1
[debug] [2024-12-27T00:51:05.704Z] Platform:      linux
[debug] [2024-12-27T00:51:05.705Z] Node Version:  v22.11.0
[debug] [2024-12-27T00:51:05.705Z] Time:          Fri Dec 27 2024 01:51:05 GMT+0100 (West Africa Standard Time)
[debug] [2024-12-27T00:51:05.705Z] ----------------------------------------------------------------------
[debug] 
[debug] [2024-12-27T00:51:05.713Z] > command requires scopes: ["email","openid","https://www.googleapis.com/auth/cloudplatformprojects.readonly","https://www.googleapis.com/auth/firebase","https://www.googleapis.com/auth/cloud-platform"]
[debug] [2024-12-27T00:51:05.713Z] > authorizing via signed-in user (akintadetemi19@gmail.com)
[info] 
     ######## #### ########  ######## ########     ###     ######  ########
     ##        ##  ##     ## ##       ##     ##  ##   ##  ##       ##
     ######    ##  ########  ######   ########  #########  ######  ######
     ##        ##  ##    ##  ##       ##     ## ##     ##       ## ##
     ##       #### ##     ## ######## ########  ##     ##  ######  ########

You're about to initialize a Firebase project in this directory:

  /root/my-documents/work/ace-it

Before we get started, keep in mind:

  * You are currently outside your home directory

